0 info it worked if it ends with ok
1 verbose cli [ 'C:\\Program Files\\nodejs\\node.exe',
1 verbose cli   'C:\\Program Files\\nodejs\\node_modules\\npm\\bin\\npm-cli.js',
1 verbose cli   'install',
1 verbose cli   'socket.io.client' ]
2 info using npm@2.14.12
3 info using node@v4.3.2
4 verbose install initial load of D:\Dropbox\slack\socket.io\yerrip\chat\package.json
5 warn package.json socket-chat-example@0.0.1 No repository field.
6 warn package.json socket-chat-example@0.0.1 No README data
7 warn package.json socket-chat-example@0.0.1 No license field.
8 verbose installManyTop reading scoped package data from D:\Dropbox\slack\socket.io\yerrip\chat\node_modules\accepts\package.json
9 verbose installManyTop reading scoped package data from D:\Dropbox\slack\socket.io\yerrip\chat\node_modules\after\package.json
10 verbose installManyTop reading scoped package data from D:\Dropbox\slack\socket.io\yerrip\chat\node_modules\array-flatten\package.json
11 verbose installManyTop reading scoped package data from D:\Dropbox\slack\socket.io\yerrip\chat\node_modules\arraybuffer.slice\package.json
12 verbose installManyTop reading scoped package data from D:\Dropbox\slack\socket.io\yerrip\chat\node_modules\backo2\package.json
13 verbose installManyTop reading scoped package data from D:\Dropbox\slack\socket.io\yerrip\chat\node_modules\base64-arraybuffer\package.json
14 verbose installManyTop reading scoped package data from D:\Dropbox\slack\socket.io\yerrip\chat\node_modules\base64id\package.json
15 verbose installManyTop reading scoped package data from D:\Dropbox\slack\socket.io\yerrip\chat\node_modules\better-assert\package.json
16 verbose installManyTop reading scoped package data from D:\Dropbox\slack\socket.io\yerrip\chat\node_modules\blob\package.json
17 verbose installManyTop reading scoped package data from D:\Dropbox\slack\socket.io\yerrip\chat\node_modules\callsite\package.json
18 verbose installManyTop reading scoped package data from D:\Dropbox\slack\socket.io\yerrip\chat\node_modules\component-bind\package.json
19 verbose installManyTop reading scoped package data from D:\Dropbox\slack\socket.io\yerrip\chat\node_modules\component-emitter\package.json
20 verbose installManyTop reading scoped package data from D:\Dropbox\slack\socket.io\yerrip\chat\node_modules\component-inherit\package.json
21 verbose installManyTop reading scoped package data from D:\Dropbox\slack\socket.io\yerrip\chat\node_modules\content-disposition\package.json
22 verbose installManyTop reading scoped package data from D:\Dropbox\slack\socket.io\yerrip\chat\node_modules\content-type\package.json
23 verbose installManyTop reading scoped package data from D:\Dropbox\slack\socket.io\yerrip\chat\node_modules\cookie\package.json
24 verbose installManyTop reading scoped package data from D:\Dropbox\slack\socket.io\yerrip\chat\node_modules\cookie-signature\package.json
25 verbose installManyTop reading scoped package data from D:\Dropbox\slack\socket.io\yerrip\chat\node_modules\debug\package.json
26 verbose installManyTop reading scoped package data from D:\Dropbox\slack\socket.io\yerrip\chat\node_modules\depd\package.json
27 verbose installManyTop reading scoped package data from D:\Dropbox\slack\socket.io\yerrip\chat\node_modules\destroy\package.json
28 verbose installManyTop reading scoped package data from D:\Dropbox\slack\socket.io\yerrip\chat\node_modules\ee-first\package.json
29 verbose installManyTop reading scoped package data from D:\Dropbox\slack\socket.io\yerrip\chat\node_modules\encodeurl\package.json
30 verbose installManyTop reading scoped package data from D:\Dropbox\slack\socket.io\yerrip\chat\node_modules\engine.io\package.json
31 verbose installManyTop reading scoped package data from D:\Dropbox\slack\socket.io\yerrip\chat\node_modules\engine.io-client\package.json
32 verbose installManyTop reading scoped package data from D:\Dropbox\slack\socket.io\yerrip\chat\node_modules\engine.io-parser\package.json
33 verbose installManyTop reading scoped package data from D:\Dropbox\slack\socket.io\yerrip\chat\node_modules\escape-html\package.json
34 verbose installManyTop reading scoped package data from D:\Dropbox\slack\socket.io\yerrip\chat\node_modules\etag\package.json
35 verbose installManyTop reading scoped package data from D:\Dropbox\slack\socket.io\yerrip\chat\node_modules\express\package.json
36 verbose installManyTop reading scoped package data from D:\Dropbox\slack\socket.io\yerrip\chat\node_modules\finalhandler\package.json
37 verbose installManyTop reading scoped package data from D:\Dropbox\slack\socket.io\yerrip\chat\node_modules\forwarded\package.json
38 verbose installManyTop reading scoped package data from D:\Dropbox\slack\socket.io\yerrip\chat\node_modules\fresh\package.json
39 verbose installManyTop reading scoped package data from D:\Dropbox\slack\socket.io\yerrip\chat\node_modules\has-binary\package.json
40 verbose installManyTop reading scoped package data from D:\Dropbox\slack\socket.io\yerrip\chat\node_modules\has-cors\package.json
41 verbose installManyTop reading scoped package data from D:\Dropbox\slack\socket.io\yerrip\chat\node_modules\http-errors\package.json
42 verbose installManyTop reading scoped package data from D:\Dropbox\slack\socket.io\yerrip\chat\node_modules\indexof\package.json
43 verbose installManyTop reading scoped package data from D:\Dropbox\slack\socket.io\yerrip\chat\node_modules\inherits\package.json
44 verbose installManyTop reading scoped package data from D:\Dropbox\slack\socket.io\yerrip\chat\node_modules\ipaddr.js\package.json
45 verbose installManyTop reading scoped package data from D:\Dropbox\slack\socket.io\yerrip\chat\node_modules\isarray\package.json
46 verbose installManyTop reading scoped package data from D:\Dropbox\slack\socket.io\yerrip\chat\node_modules\json3\package.json
47 verbose installManyTop reading scoped package data from D:\Dropbox\slack\socket.io\yerrip\chat\node_modules\media-typer\package.json
48 verbose installManyTop reading scoped package data from D:\Dropbox\slack\socket.io\yerrip\chat\node_modules\merge-descriptors\package.json
49 verbose installManyTop reading scoped package data from D:\Dropbox\slack\socket.io\yerrip\chat\node_modules\methods\package.json
50 verbose installManyTop reading scoped package data from D:\Dropbox\slack\socket.io\yerrip\chat\node_modules\mime\package.json
51 verbose installManyTop reading scoped package data from D:\Dropbox\slack\socket.io\yerrip\chat\node_modules\mime-db\package.json
52 verbose installManyTop reading scoped package data from D:\Dropbox\slack\socket.io\yerrip\chat\node_modules\mime-types\package.json
53 verbose installManyTop reading scoped package data from D:\Dropbox\slack\socket.io\yerrip\chat\node_modules\ms\package.json
54 verbose installManyTop reading scoped package data from D:\Dropbox\slack\socket.io\yerrip\chat\node_modules\negotiator\package.json
55 verbose installManyTop reading scoped package data from D:\Dropbox\slack\socket.io\yerrip\chat\node_modules\object-assign\package.json
56 verbose installManyTop reading scoped package data from D:\Dropbox\slack\socket.io\yerrip\chat\node_modules\object-component\package.json
57 verbose installManyTop reading scoped package data from D:\Dropbox\slack\socket.io\yerrip\chat\node_modules\on-finished\package.json
58 verbose installManyTop reading scoped package data from D:\Dropbox\slack\socket.io\yerrip\chat\node_modules\options\package.json
59 verbose installManyTop reading scoped package data from D:\Dropbox\slack\socket.io\yerrip\chat\node_modules\parsejson\package.json
60 verbose installManyTop reading scoped package data from D:\Dropbox\slack\socket.io\yerrip\chat\node_modules\parseqs\package.json
61 verbose installManyTop reading scoped package data from D:\Dropbox\slack\socket.io\yerrip\chat\node_modules\parseuri\package.json
62 verbose installManyTop reading scoped package data from D:\Dropbox\slack\socket.io\yerrip\chat\node_modules\parseurl\package.json
63 verbose installManyTop reading scoped package data from D:\Dropbox\slack\socket.io\yerrip\chat\node_modules\path-to-regexp\package.json
64 verbose installManyTop reading scoped package data from D:\Dropbox\slack\socket.io\yerrip\chat\node_modules\proxy-addr\package.json
65 verbose installManyTop reading scoped package data from D:\Dropbox\slack\socket.io\yerrip\chat\node_modules\qs\package.json
66 verbose installManyTop reading scoped package data from D:\Dropbox\slack\socket.io\yerrip\chat\node_modules\range-parser\package.json
67 verbose installManyTop reading scoped package data from D:\Dropbox\slack\socket.io\yerrip\chat\node_modules\send\package.json
68 verbose installManyTop reading scoped package data from D:\Dropbox\slack\socket.io\yerrip\chat\node_modules\serve-static\package.json
69 verbose installManyTop reading scoped package data from D:\Dropbox\slack\socket.io\yerrip\chat\node_modules\setprototypeof\package.json
70 verbose installManyTop reading scoped package data from D:\Dropbox\slack\socket.io\yerrip\chat\node_modules\socket.io\package.json
71 verbose installManyTop reading scoped package data from D:\Dropbox\slack\socket.io\yerrip\chat\node_modules\socket.io-adapter\package.json
72 verbose installManyTop reading scoped package data from D:\Dropbox\slack\socket.io\yerrip\chat\node_modules\socket.io-client\package.json
73 verbose installManyTop reading scoped package data from D:\Dropbox\slack\socket.io\yerrip\chat\node_modules\socket.io-parser\package.json
74 verbose installManyTop reading scoped package data from D:\Dropbox\slack\socket.io\yerrip\chat\node_modules\statuses\package.json
75 verbose installManyTop reading scoped package data from D:\Dropbox\slack\socket.io\yerrip\chat\node_modules\to-array\package.json
76 verbose installManyTop reading scoped package data from D:\Dropbox\slack\socket.io\yerrip\chat\node_modules\type-is\package.json
77 verbose installManyTop reading scoped package data from D:\Dropbox\slack\socket.io\yerrip\chat\node_modules\ultron\package.json
78 verbose installManyTop reading scoped package data from D:\Dropbox\slack\socket.io\yerrip\chat\node_modules\unpipe\package.json
79 verbose installManyTop reading scoped package data from D:\Dropbox\slack\socket.io\yerrip\chat\node_modules\utils-merge\package.json
80 verbose installManyTop reading scoped package data from D:\Dropbox\slack\socket.io\yerrip\chat\node_modules\vary\package.json
81 verbose installManyTop reading scoped package data from D:\Dropbox\slack\socket.io\yerrip\chat\node_modules\ws\package.json
82 verbose installManyTop reading scoped package data from D:\Dropbox\slack\socket.io\yerrip\chat\node_modules\wtf-8\package.json
83 verbose installManyTop reading scoped package data from D:\Dropbox\slack\socket.io\yerrip\chat\node_modules\xmlhttprequest-ssl\package.json
84 verbose installManyTop reading scoped package data from D:\Dropbox\slack\socket.io\yerrip\chat\node_modules\yeast\package.json
85 info package.json base64-arraybuffer@0.1.5 No license field.
86 info package.json arraybuffer.slice@0.0.6 No license field.
87 info package.json better-assert@1.0.2 No license field.
88 info package.json blob@0.0.4 No license field.
89 info package.json callsite@1.0.0 No repository field.
90 info package.json callsite@1.0.0 No license field.
91 info package.json component-bind@1.0.0 No license field.
92 info package.json component-inherit@0.0.3 No license field.
93 info package.json component-emitter@1.1.2 No license field.
94 info package.json has-binary@0.1.7 No repository field.
95 info package.json indexof@0.0.1 No repository field.
96 info package.json indexof@0.0.1 No license field.
97 info package.json json3@3.3.2 No license field.
98 info package.json mime@1.3.4 No license field.
99 info package.json object-component@0.0.3 No repository field.
100 info package.json object-component@0.0.3 No license field.
101 info package.json options@0.0.6 No license field.
102 info package.json to-array@0.1.4 No license field.
103 info package.json utils-merge@1.0.0 No license field.
104 info package.json xmlhttprequest-ssl@1.5.3 No license field.
105 verbose readDependencies loading dependencies from D:\Dropbox\slack\socket.io\yerrip\chat\package.json
106 silly cache add args [ 'socket.io.client', null ]
107 verbose cache add spec socket.io.client
108 silly cache add parsed spec Result {
108 silly cache add   raw: 'socket.io.client',
108 silly cache add   scope: null,
108 silly cache add   name: 'socket.io.client',
108 silly cache add   rawSpec: '',
108 silly cache add   spec: 'latest',
108 silly cache add   type: 'tag' }
109 silly addNamed socket.io.client@latest
110 verbose addNamed "latest" is being treated as a dist-tag for socket.io.client
111 info addNameTag [ 'socket.io.client', 'latest' ]
112 silly mapToRegistry name socket.io.client
113 silly mapToRegistry using default registry
114 silly mapToRegistry registry https://registry.npmjs.org/
115 silly mapToRegistry uri https://registry.npmjs.org/socket.io.client
116 verbose addNameTag registry:https://registry.npmjs.org/socket.io.client not in flight; fetching
117 verbose request uri https://registry.npmjs.org/socket.io.client
118 verbose request no auth needed
119 info attempt registry request try #1 at 3:22:50 PM
120 verbose request id eef728ade1f63a35
121 http request GET https://registry.npmjs.org/socket.io.client
122 http 404 https://registry.npmjs.org/socket.io.client
123 verbose headers { 'content-type': 'application/json',
123 verbose headers   'cache-control': 'max-age=0',
123 verbose headers   'content-length': '2',
123 verbose headers   'accept-ranges': 'bytes',
123 verbose headers   date: 'Tue, 23 May 2017 22:22:50 GMT',
123 verbose headers   via: '1.1 varnish',
123 verbose headers   age: '0',
123 verbose headers   connection: 'keep-alive',
123 verbose headers   'x-served-by': 'cache-sea1049-SEA',
123 verbose headers   'x-cache': 'MISS',
123 verbose headers   'x-cache-hits': '0',
123 verbose headers   'x-timer': 'S1495578171.875983,VS0,VE103',
123 verbose headers   vary: 'Accept-Encoding' }
124 silly get cb [ 404,
124 silly get   { 'content-type': 'application/json',
124 silly get     'cache-control': 'max-age=0',
124 silly get     'content-length': '2',
124 silly get     'accept-ranges': 'bytes',
124 silly get     date: 'Tue, 23 May 2017 22:22:50 GMT',
124 silly get     via: '1.1 varnish',
124 silly get     age: '0',
124 silly get     connection: 'keep-alive',
124 silly get     'x-served-by': 'cache-sea1049-SEA',
124 silly get     'x-cache': 'MISS',
124 silly get     'x-cache-hits': '0',
124 silly get     'x-timer': 'S1495578171.875983,VS0,VE103',
124 silly get     vary: 'Accept-Encoding' } ]
125 verbose stack Error: Registry returned 404 for GET on https://registry.npmjs.org/socket.io.client
125 verbose stack     at makeError (C:\Program Files\nodejs\node_modules\npm\node_modules\npm-registry-client\lib\request.js:264:12)
125 verbose stack     at CachingRegistryClient.<anonymous> (C:\Program Files\nodejs\node_modules\npm\node_modules\npm-registry-client\lib\request.js:242:14)
125 verbose stack     at Request._callback (C:\Program Files\nodejs\node_modules\npm\node_modules\npm-registry-client\lib\request.js:172:14)
125 verbose stack     at Request.self.callback (C:\Program Files\nodejs\node_modules\npm\node_modules\request\request.js:198:22)
125 verbose stack     at emitTwo (events.js:87:13)
125 verbose stack     at Request.emit (events.js:172:7)
125 verbose stack     at Request.<anonymous> (C:\Program Files\nodejs\node_modules\npm\node_modules\request\request.js:1082:10)
125 verbose stack     at emitOne (events.js:82:20)
125 verbose stack     at Request.emit (events.js:169:7)
125 verbose stack     at IncomingMessage.<anonymous> (C:\Program Files\nodejs\node_modules\npm\node_modules\request\request.js:1009:12)
126 verbose statusCode 404
127 verbose pkgid socket.io.client
128 verbose cwd D:\Dropbox\slack\socket.io\yerrip\chat
129 error Windows_NT 10.0.15063
130 error argv "C:\\Program Files\\nodejs\\node.exe" "C:\\Program Files\\nodejs\\node_modules\\npm\\bin\\npm-cli.js" "install" "socket.io.client"
131 error node v4.3.2
132 error npm  v2.14.12
133 error code E404
134 error 404 Registry returned 404 for GET on https://registry.npmjs.org/socket.io.client
134 error 404
134 error 404 'socket.io.client' is not in the npm registry.
134 error 404 You should bug the author to publish it (or use the name yourself!)
134 error 404 It was specified as a dependency of 'socket-chat-example'
134 error 404
134 error 404 Note that you can also install from a
134 error 404 tarball, folder, http url, or git url.
135 verbose exit [ 1, true ]
